2025-04-12 16:09:33 [INFO] Pulling the latest changes from the repository...
2025-04-12 16:09:35 [INFO] Virtual environment not found. Creating one...
2025-04-12 16:09:35 [INFO] Failed to create virtual environment!
2025-04-12 16:11:38 [INFO] Pulling the latest changes from the repository...
2025-04-12 16:11:40 [INFO] Failed to pull changes from GitHub!
2025-04-12 16:12:10 [INFO] Pulling the latest changes from the repository...
2025-04-12 16:12:11 [INFO] Failed to pull changes from GitHub!
2025-04-12 16:16:34 [INFO] Pulling the latest changes from the repository...
2025-04-12 16:16:36 [INFO] Virtual environment not found. Creating one...
2025-04-12 16:16:36 [INFO] Failed to create virtual environment!
2025-04-12 16:17:30 [INFO] Pulling the latest changes from the repository...
2025-04-12 16:17:32 [INFO] Virtual environment already exists.
2025-04-12 16:17:32 [INFO] Activating the virtual environment...
2025-04-12 16:17:32 [INFO] Failed to activate virtual environment!
2025-04-12 16:20:11 [INFO] Pulling the latest changes from the repository...
2025-04-12 16:20:12 [INFO] Virtual environment not found. Creating one...
2025-04-12 16:20:17 [INFO] Activating the virtual environment...
2025-04-12 16:20:17 [INFO] Installing dependencies from requirements.txt...
2025-04-12 16:20:48 [INFO] Running the pipeline script...
2025-04-12 16:20:48 [INFO] Pipeline script execution failed!
2025-04-12 16:22:31 [INFO] Pulling the latest changes from the repository...
2025-04-12 16:22:33 [INFO] Virtual environment already exists.
2025-04-12 16:22:33 [INFO] Activating the virtual environment...
2025-04-12 16:22:33 [INFO] Installing dependencies from requirements.txt...
2025-04-12 16:22:38 [INFO] Running the pipeline script...
2025-04-12 16:22:46 [INFO] Staging changes to GitHub...
2025-04-12 16:24:54 [INFO] Pulling the latest changes from the repository...
2025-04-12 16:24:56 [INFO] Virtual environment already exists.
2025-04-12 16:24:56 [INFO] Activating the virtual environment...
2025-04-12 16:24:56 [INFO] Installing dependencies from requirements.txt...
2025-04-12 16:25:01 [INFO] Running the pipeline script...
2025-04-12 16:25:05 [INFO] Staging changes to GitHub...
2025-04-12 16:25:05 [INFO] Committing changes...
2025-04-12 16:25:05 [INFO] Failed to commit changes!
2025-04-12 16:26:33 [INFO] Pulling the latest changes from the repository...
2025-04-12 16:26:35 [INFO] Virtual environment already exists.
2025-04-12 16:26:35 [INFO] Activating the virtual environment...
2025-04-12 16:26:35 [INFO] Installing dependencies from requirements.txt...
2025-04-12 16:26:38 [INFO] Running the pipeline script...
2025-04-12 16:26:40 [INFO] Staging changes to GitHub...
2025-04-12 16:26:40 [INFO] Committing changes...
2025-04-12 16:26:40 [INFO] Failed to commit changes!
2025-04-12 16:27:33 [INFO] Pulling the latest changes from the repository...
2025-04-12 16:27:35 [INFO] Virtual environment already exists.
2025-04-12 16:27:35 [INFO] Activating the virtual environment...
2025-04-12 16:27:35 [INFO] Installing dependencies from requirements.txt...
2025-04-12 16:27:38 [INFO] Running the pipeline script...
2025-04-12 16:27:40 [INFO] Staging changes to GitHub...
2025-04-12 16:27:40 [INFO] Committing changes...
2025-04-12 16:27:40 [INFO] Failed to commit changes!
2025-04-12 16:28:18 [INFO] Pulling the latest changes from the repository...
2025-04-12 16:28:20 [INFO] Virtual environment already exists.
2025-04-12 16:28:20 [INFO] Activating the virtual environment...
2025-04-12 16:28:20 [INFO] Installing dependencies from requirements.txt...
2025-04-12 16:28:22 [INFO] Running the pipeline script...
2025-04-12 16:28:25 [INFO] Staging changes to GitHub...
2025-04-12 16:28:25 [INFO] Committing changes...
2025-04-12 16:28:25 [INFO] Pushing changes to the repository...
2025-04-12 16:28:27 [INFO] Update process completed successfully!
2025-04-12 16:42:01 [INFO] Pulling the latest changes from the repository...
2025-04-12 16:42:02 [INFO] Virtual environment already exists.
2025-04-12 16:42:02 [INFO] Activating the virtual environment...
2025-04-12 16:42:02 [INFO] Installing dependencies from requirements.txt...
2025-04-12 16:42:06 [INFO] Running the pipeline script...
2025-04-12 16:42:13 [INFO] Staging changes to GitHub...
2025-04-12 16:42:14 [INFO] Committing changes...
2025-04-12 16:42:14 [INFO] Pushing changes to the repository...
2025-04-12 16:42:15 [INFO] Update process completed successfully!
2025-04-13 16:42:01 [INFO] Pulling the latest changes from the repository...
2025-04-13 16:42:03 [INFO] Virtual environment already exists.
2025-04-13 16:42:03 [INFO] Activating the virtual environment...
2025-04-13 16:42:03 [INFO] Installing dependencies from requirements.txt...
2025-04-13 16:42:10 [INFO] Running the pipeline script...
2025-04-13 16:42:24 [INFO] Staging changes to GitHub...
2025-04-13 16:42:24 [INFO] Committing changes...
2025-04-13 16:42:24 [INFO] Pushing changes to the repository...
2025-04-13 16:42:25 [INFO] Update process completed successfully!
2025-04-14 16:42:01 [INFO] Pulling the latest changes from the repository...
2025-04-14 16:42:03 [INFO] Virtual environment already exists.
2025-04-14 16:42:03 [INFO] Activating the virtual environment...
2025-04-14 16:42:03 [INFO] Installing dependencies from requirements.txt...
2025-04-14 16:42:09 [INFO] Running the pipeline script...
2025-04-14 16:42:22 [INFO] Staging changes to GitHub...
2025-04-14 16:42:22 [INFO] Committing changes...
2025-04-14 16:42:22 [INFO] Pushing changes to the repository...
2025-04-14 16:42:23 [INFO] Update process completed successfully!
2025-04-15 16:42:01 [INFO] Pulling the latest changes from the repository...
2025-04-15 16:42:03 [INFO] Virtual environment already exists.
2025-04-15 16:42:03 [INFO] Activating the virtual environment...
2025-04-15 16:42:04 [INFO] Installing dependencies from requirements.txt...
2025-04-15 16:42:09 [INFO] Running the pipeline script...
2025-04-15 16:42:22 [INFO] Staging changes to GitHub...
2025-04-15 16:42:22 [INFO] Committing changes...
2025-04-15 16:42:22 [INFO] Pushing changes to the repository...
2025-04-15 16:42:24 [INFO] Update process completed successfully!
2025-04-16 16:42:01 [INFO] Pulling the latest changes from the repository...
2025-04-16 16:42:03 [INFO] Virtual environment already exists.
2025-04-16 16:42:03 [INFO] Activating the virtual environment...
2025-04-16 16:42:03 [INFO] Installing dependencies from requirements.txt...
2025-04-16 16:42:10 [INFO] Running the pipeline script...
2025-04-16 16:42:23 [INFO] Staging changes to GitHub...
